# JRE version: OpenJDK Runtime Environment (8.0_152-b06) (build 1.8.0_152-release-1136-b06)
# Java VM: OpenJDK 64-Bit Server VM (25.152-b06 mixed mode windows-amd64 compressed oops)
Heap:
 PSYoungGen      total 107520K, used 44281K [0x00000000eab00000, 0x00000000f2380000, 0x0000000100000000)
  eden space 98816K, 37% used [0x00000000eab00000,0x00000000ececc780,0x00000000f0b80000)
  from space 8704K, 87% used [0x00000000f1b00000,0x00000000f2271ff8,0x00000000f2380000)
  to   space 12288K, 0% used [0x00000000f0b80000,0x00000000f0b80000,0x00000000f1780000)
 ParOldGen       total 98816K, used 7713K [0x00000000c0000000, 0x00000000c6080000, 0x00000000eab00000)
  object space 98816K, 7% used [0x00000000c0000000,0x00000000c0788558,0x00000000c6080000)
 Metaspace       used 31166K, capacity 32008K, committed 32256K, reserved 1077248K
  class space    used 4044K, capacity 4297K, committed 4352K, reserved 1048576K
GC Heap History (10 events):
Event: 3.679 GC heap before
{Heap before GC invocations=3 (full 0):
 PSYoungGen      total 76288K, used 16896K [0x00000000eab00000, 0x00000000f0000000, 0x0000000100000000)
  eden space 65536K, 9% used [0x00000000eab00000,0x00000000eb106a18,0x00000000eeb00000)
  from space 10752K, 99% used [0x00000000ef580000,0x00000000efff9820,0x00000000f0000000)
  to   space 10752K, 0% used [0x00000000eeb00000,0x00000000eeb00000,0x00000000ef580000)
 ParOldGen       total 175104K, used 414K [0x00000000c0000000, 0x00000000cab00000, 0x00000000eab00000)
  object space 175104K, 0% used [0x00000000c0000000,0x00000000c00678c0,0x00000000cab00000)
 Metaspace       used 20766K, capacity 21112K, committed 21296K, reserved 1067008K
  class space    used 2705K, capacity 2826K, committed 2944K, reserved 1048576K
Event: 3.685 GC heap after
Heap after GC invocations=3 (full 0):
 PSYoungGen      total 76288K, used 7922K [0x00000000eab00000, 0x00000000f0000000, 0x0000000100000000)
  eden space 65536K, 0% used [0x00000000eab00000,0x00000000eab00000,0x00000000eeb00000)
  from space 10752K, 73% used [0x00000000eeb00000,0x00000000ef2bca50,0x00000000ef580000)
  to   space 10752K, 0% used [0x00000000ef580000,0x00000000ef580000,0x00000000f0000000)
 ParOldGen       total 175104K, used 422K [0x00000000c0000000, 0x00000000cab00000, 0x00000000eab00000)
  object space 175104K, 0% used [0x00000000c0000000,0x00000000c00698c0,0x00000000cab00000)
 Metaspace       used 20766K, capacity 21112K, committed 21296K, reserved 1067008K
  class space    used 2705K, capacity 2826K, committed 2944K, reserved 1048576K
}
Event: 3.685 GC heap before
{Heap before GC invocations=4 (full 1):
 PSYoungGen      total 76288K, used 7922K [0x00000000eab00000, 0x00000000f0000000, 0x0000000100000000)
  eden space 65536K, 0% used [0x00000000eab00000,0x00000000eab00000,0x00000000eeb00000)
  from space 10752K, 73% used [0x00000000eeb00000,0x00000000ef2bca50,0x00000000ef580000)
  to   space 10752K, 0% used [0x00000000ef580000,0x00000000ef580000,0x00000000f0000000)
 ParOldGen       total 175104K, used 422K [0x00000000c0000000, 0x00000000cab00000, 0x00000000eab00000)
  object space 175104K, 0% used [0x00000000c0000000,0x00000000c00698c0,0x00000000cab00000)
 Metaspace       used 20766K, capacity 21112K, committed 21296K, reserved 1067008K
  class space    used 2705K, capacity 2826K, committed 2944K, reserved 1048576K
Event: 3.735 GC heap after
Heap after GC invocations=4 (full 1):
 PSYoungGen      total 76288K, used 0K [0x00000000eab00000, 0x00000000f0000000, 0x0000000100000000)
  eden space 65536K, 0% used [0x00000000eab00000,0x00000000eab00000,0x00000000eeb00000)
  from space 10752K, 0% used [0x00000000eeb00000,0x00000000eeb00000,0x00000000ef580000)
  to   space 10752K, 0% used [0x00000000ef580000,0x00000000ef580000,0x00000000f0000000)
 ParOldGen       total 98816K, used 7705K [0x00000000c0000000, 0x00000000c6080000, 0x00000000eab00000)
  object space 98816K, 7% used [0x00000000c0000000,0x00000000c0786558,0x00000000c6080000)
 Metaspace       used 20766K, capacity 21112K, committed 21296K, reserved 1067008K
  class space    used 2705K, capacity 2826K, committed 2944K, reserved 1048576K
}
Event: 6.772 GC heap before
{Heap before GC invocations=5 (full 1):
 PSYoungGen      total 76288K, used 65536K [0x00000000eab00000, 0x00000000f0000000, 0x0000000100000000)
  eden space 65536K, 100% used [0x00000000eab00000,0x00000000eeb00000,0x00000000eeb00000)
  from space 10752K, 0% used [0x00000000eeb00000,0x00000000eeb00000,0x00000000ef580000)
  to   space 10752K, 0% used [0x00000000ef580000,0x00000000ef580000,0x00000000f0000000)
 ParOldGen       total 98816K, used 7705K [0x00000000c0000000, 0x00000000c6080000, 0x00000000eab00000)
  object space 98816K, 7% used [0x00000000c0000000,0x00000000c0786558,0x00000000c6080000)
 Metaspace       used 25279K, capacity 25730K, committed 25984K, reserved 1071104K
  class space    used 3288K, capacity 3421K, committed 3456K, reserved 1048576K
Event: 6.776 GC heap after
Heap after GC invocations=5 (full 1):
 PSYoungGen      total 76288K, used 5759K [0x00000000eab00000, 0x00000000f2380000, 0x0000000100000000)
  eden space 65536K, 0% used [0x00000000eab00000,0x00000000eab00000,0x00000000eeb00000)
  from space 10752K, 53% used [0x00000000ef580000,0x00000000efb1fd68,0x00000000f0000000)
  to   space 10752K, 0% used [0x00000000eeb00000,0x00000000eeb00000,0x00000000ef580000)
 ParOldGen       total 98816K, used 7705K [0x00000000c0000000, 0x00000000c6080000, 0x00000000eab00000)
  object space 98816K, 7% used [0x00000000c0000000,0x00000000c0786558,0x00000000c6080000)
 Metaspace       used 25279K, capacity 25730K, committed 25984K, reserved 1071104K
  class space    used 3288K, capacity 3421K, committed 3456K, reserved 1048576K
}
Event: 6.984 GC heap before
{Heap before GC invocations=6 (full 1):
 PSYoungGen      total 76288K, used 71295K [0x00000000eab00000, 0x00000000f2380000, 0x0000000100000000)
  eden space 65536K, 100% used [0x00000000eab00000,0x00000000eeb00000,0x00000000eeb00000)
  from space 10752K, 53% used [0x00000000ef580000,0x00000000efb1fd68,0x00000000f0000000)
  to   space 10752K, 0% used [0x00000000eeb00000,0x00000000eeb00000,0x00000000ef580000)
 ParOldGen       total 98816K, used 7705K [0x00000000c0000000, 0x00000000c6080000, 0x00000000eab00000)
  object space 98816K, 7% used [0x00000000c0000000,0x00000000c0786558,0x00000000c6080000)
 Metaspace       used 25331K, capacity 25794K, committed 25984K, reserved 1071104K
  class space    used 3288K, capacity 3421K, committed 3456K, reserved 1048576K
Event: 6.987 GC heap after
Heap after GC invocations=6 (full 1):
 PSYoungGen      total 76288K, used 2672K [0x00000000eab00000, 0x00000000f2780000, 0x0000000100000000)
  eden space 65536K, 0% used [0x00000000eab00000,0x00000000eab00000,0x00000000eeb00000)
  from space 10752K, 24% used [0x00000000eeb00000,0x00000000eed9c030,0x00000000ef580000)
  to   space 12800K, 0% used [0x00000000f1b00000,0x00000000f1b00000,0x00000000f2780000)
 ParOldGen       total 98816K, used 7705K [0x00000000c0000000, 0x00000000c6080000, 0x00000000eab00000)
  object space 98816K, 7% used [0x00000000c0000000,0x00000000c0786558,0x00000000c6080000)
 Metaspace       used 25331K, capacity 25794K, committed 25984K, reserved 1071104K
  class space    used 3288K, capacity 3421K, committed 3456K, reserved 1048576K
}
Event: 8.360 GC heap before
{Heap before GC invocations=7 (full 1):
 PSYoungGen      total 76288K, used 68208K [0x00000000eab00000, 0x00000000f2780000, 0x0000000100000000)
  eden space 65536K, 100% used [0x00000000eab00000,0x00000000eeb00000,0x00000000eeb00000)
  from space 10752K, 24% used [0x00000000eeb00000,0x00000000eed9c030,0x00000000ef580000)
  to   space 12800K, 0% used [0x00000000f1b00000,0x00000000f1b00000,0x00000000f2780000)
 ParOldGen       total 98816K, used 7705K [0x00000000c0000000, 0x00000000c6080000, 0x00000000eab00000)
  object space 98816K, 7% used [0x00000000c0000000,0x00000000c0786558,0x00000000c6080000)
 Metaspace       used 28620K, capacity 29320K, committed 29568K, reserved 1075200K
  class space    used 3696K, capacity 3890K, committed 3968K, reserved 1048576K
Event: 8.367 GC heap after
Heap after GC invocations=7 (full 1):
 PSYoungGen      total 107520K, used 7623K [0x00000000eab00000, 0x00000000f2380000, 0x0000000100000000)
  eden space 98816K, 0% used [0x00000000eab00000,0x00000000eab00000,0x00000000f0b80000)
  from space 8704K, 87% used [0x00000000f1b00000,0x00000000f2271ff8,0x00000000f2380000)
  to   space 12288K, 0% used [0x00000000f0b80000,0x00000000f0b80000,0x00000000f1780000)
 ParOldGen       total 98816K, used 7713K [0x00000000c0000000, 0x00000000c6080000, 0x00000000eab00000)
  object space 98816K, 7% used [0x00000000c0000000,0x00000000c0788558,0x00000000c6080000)
 Metaspace       used 28620K, capacity 29320K, committed 29568K, reserved 1075200K
  class space    used 3696K, capacity 3890K, committed 3968K, reserved 1048576K
}

